<?xml version="1.0" encoding="UTF-8"?>
<!-- Generated by org.testng.reporters.JUnitReportReporter -->
<testsuite hostname="LTIN206289" failures="0" tests="4" name="testclass.CAS_TEST" time="198.138" errors="0" timestamp="2024-03-02T11:13:04 IST" skipped="0">
  <testcase classname="testclass.CAS_TEST" name="screenshot" time="10.529"/>
  <testcase classname="testclass.CAS_TEST" name="excel" time="91.790"/>
  <testcase classname="testclass.CAS_TEST" name="userdetails" time="90.287"/>
  <testcase classname="testclass.CAS_TEST" name="user_profile" time="5.532"/>
</testsuite> <!-- testclass.CAS_TEST -->
