<?xml version="1.0" encoding="UTF-8"?>
<!-- Generated by org.testng.reporters.JUnitReportReporter -->
<testsuite hostname="LTIN206289" failures="0" tests="3" name="com.testig.major.Test_CAS" time="176.990" errors="0" timestamp="2024-02-08T21:06:28 IST" skipped="0">
  <testcase classname="com.testig.major.Test_CAS" name="userdetails" time="110.210"/>
  <testcase classname="com.testig.major.Test_CAS" name="xyz" time="22.050"/>
  <testcase classname="com.testig.major.Test_CAS" name="excel" time="44.730"/>
</testsuite> <!-- com.testig.major.Test_CAS -->
